/*C2*/SET SCHEMA PUBLIC
INSERT INTO PROPRIEDADE VALUES(16,'Propriedade 04','2013-01-30',20000.0E0,0,'s','r','f','200','d')
COMMIT
INSERT INTO CMECANIZADO VALUES(19,'Conj. 04',4,5)
COMMIT
INSERT INTO FUNCIONARIOSCMECANIZADO VALUES(132,19,0)
COMMIT
INSERT INTO FUNCIONARIOSCMECANIZADO VALUES(133,19,2)
COMMIT
DELETE FROM CMECANIZADO WHERE ID=19
INSERT INTO CMECANIZADO VALUES(19,'Conj. 04',4,0)
COMMIT
DELETE FROM FUNCIONARIOSCMECANIZADO WHERE ID=132
DELETE FROM FUNCIONARIOSCMECANIZADO WHERE ID=133
COMMIT
INSERT INTO FUNCIONARIOSCMECANIZADO VALUES(134,19,0)
COMMIT
INSERT INTO FUNCIONARIOSCMECANIZADO VALUES(135,19,2)
COMMIT
DELETE FROM CMECANIZADO WHERE ID=19
INSERT INTO CMECANIZADO VALUES(19,'Conj. 04',4,6)
COMMIT
DELETE FROM FUNCIONARIOSCMECANIZADO WHERE ID=134
DELETE FROM FUNCIONARIOSCMECANIZADO WHERE ID=135
COMMIT
INSERT INTO FUNCIONARIOSCMECANIZADO VALUES(136,19,0)
COMMIT
INSERT INTO FUNCIONARIOSCMECANIZADO VALUES(137,19,2)
COMMIT
DELETE FROM CMECANIZADO WHERE ID=19
INSERT INTO CMECANIZADO VALUES(19,'Conj. 04',4,6)
COMMIT
DELETE FROM FUNCIONARIOSCMECANIZADO WHERE ID=136
DELETE FROM FUNCIONARIOSCMECANIZADO WHERE ID=137
COMMIT
INSERT INTO FUNCIONARIOSCMECANIZADO VALUES(138,19,0)
COMMIT
INSERT INTO FUNCIONARIOSCMECANIZADO VALUES(139,19,2)
COMMIT
DELETE FROM CMECANIZADO WHERE ID=19
INSERT INTO CMECANIZADO VALUES(19,'Conj. 04',4,6)
COMMIT
DELETE FROM FUNCIONARIOSCMECANIZADO WHERE ID=138
DELETE FROM FUNCIONARIOSCMECANIZADO WHERE ID=139
COMMIT
INSERT INTO FUNCIONARIOSCMECANIZADO VALUES(140,19,0)
COMMIT
INSERT INTO FUNCIONARIOSCMECANIZADO VALUES(141,19,2)
COMMIT
DELETE FROM TRATOR WHERE ID=3
INSERT INTO TRATOR VALUES(3,TRUE,'Trator 01','21','31','41','51','61','71','81','91','101','111','121','131','141','151','161','171')
COMMIT
DELETE FROM TRATOR WHERE ID=5
INSERT INTO TRATOR VALUES(5,FALSE,'Implemento 02','21','31','41','51','61','71','81','91','101','111','121','131','141','151','161','171')
COMMIT
DELETE FROM OPERACAO WHERE ID=0
INSERT INTO OPERACAO VALUES(0,'Operacao 01 - Ro\u00e7ar','2013-02-01','2013-04-02',9)
COMMIT
DELETE FROM PROPRIEDADE WHERE ID=16
COMMIT
DELETE FROM TRATOR WHERE ID=0
INSERT INTO TRATOR VALUES(0,FALSE,'Implemento 01','21','31','41','51','61','71','81','91','101','111','121','131','141','151','161','171')
COMMIT
DELETE FROM OPERACAO WHERE ID=1
INSERT INTO OPERACAO VALUES(1,'Operacao 02','2013-03-01','2013-05-01',10)
COMMIT
DELETE FROM OPERACAO WHERE ID=2
INSERT INTO OPERACAO VALUES(2,'Operacao 03','2013-04-01','2013-07-01',12)
COMMIT
